Flutter crash report.
Please report a bug at https://github.com/flutter/flutter/issues.

## command

flutter run -d chrome

## exception

UnsupportedError: Unsupported operation: Illegal character in path: lib\assets

```
#0      _Uri._checkWindowsPathReservedCharacters (dart:core/uri.dart:1844:11)
#1      _Uri._toWindowsFilePath (dart:core/uri.dart:2886:7)
#2      _Uri.toFilePath (dart:core/uri.dart:2858:38)
#3      ManifestAssetBundle._parseAssetsFromFolder (package:flutter_tools/src/asset.dart:884:29)
#4      ManifestAssetBundle._parseAssets (package:flutter_tools/src/asset.dart:799:9)
#5      ManifestAssetBundle.build (package:flutter_tools/src/asset.dart:261:54)
<asynchronous suspension>
#6      ResidentWebRunner._updateDevFS (package:flutter_tools/src/isolated/resident_web_runner.dart:504:26)
<asynchronous suspension>
#7      ResidentWebRunner.restart (package:flutter_tools/src/isolated/resident_web_runner.dart:385:37)
<asynchronous suspension>
#8      TerminalHandler._commonTerminalInputHandler (package:flutter_tools/src/resident_runner.dart:1778:40)
<asynchronous suspension>
#9      TerminalHandler.processTerminalInput (package:flutter_tools/src/resident_runner.dart:1831:7)
<asynchronous suspension>
```

## flutter doctor

```
[32m[✓][39m Flutter (Channel stable, 3.13.2, on Microsoft Windows [Version 10.0.19045.3448], locale en-US)
    [32m•[39m Flutter version 3.13.2 on channel stable at C:\Users\alexx\flutter
    [32m•[39m Upstream repository https://github.com/flutter/flutter.git
    [32m•[39m Framework revision ff5b5b5fa6 (5 weeks ago), 2023-08-24 08:12:28 -0500
    [32m•[39m Engine revision b20183e040
    [32m•[39m Dart version 3.1.0
    [32m•[39m DevTools version 2.25.0

[32m[✓][39m Windows Version (Installed version of Windows is version 10 or higher)

[31m[✗][39m Android toolchain - develop for Android devices
    [31m✗[39m Unable to locate Android SDK.
      Install Android Studio from: https://developer.android.com/studio/index.html
      On first launch it will assist you in installing the Android SDK components.
      (or visit https://flutter.dev/docs/get-started/install/windows#android-setup for detailed instructions).
      If the Android SDK has been installed to a custom location, please use
      `flutter config --android-sdk` to update to that location.


[32m[✓][39m Chrome - develop for the web
    [32m•[39m Chrome at C:\Program Files\Google\Chrome\Application\chrome.exe

[32m[✓][39m Visual Studio - develop Windows apps (Visual Studio Build Tools 2022 17.5.0)
    [32m•[39m Visual Studio at C:\Program Files (x86)\Microsoft Visual Studio\2022\BuildTools
    [32m•[39m Visual Studio Build Tools 2022 version 17.5.33414.496
    [32m•[39m Windows 10 SDK version 10.0.22000.0

[33m[!][39m Android Studio (not installed)
    [32m•[39m Android Studio not found; download from https://developer.android.com/studio/index.html
      (or visit https://flutter.dev/docs/get-started/install/windows#android-setup for detailed instructions).

[32m[✓][39m IntelliJ IDEA Community Edition (version 2023.2)
    [32m•[39m IntelliJ at C:\Program Files\JetBrains\IntelliJ IDEA Community Edition 2023.2.1
    [32m•[39m Flutter plugin can be installed from:
      🔨 https://plugins.jetbrains.com/plugin/9212-flutter
    [32m•[39m Dart plugin can be installed from:
      🔨 https://plugins.jetbrains.com/plugin/6351-dart

[32m[✓][39m VS Code (version 1.82.2)
    [32m•[39m VS Code at C:\Users\alexx\AppData\Local\Programs\Microsoft VS Code
    [32m•[39m Flutter extension version 3.72.0

[32m[✓][39m Connected device (3 available)
    [32m•[39m Windows (desktop) • windows • windows-x64    • Microsoft Windows [Version 10.0.19045.3448]
    [32m•[39m Chrome (web)      • chrome  • web-javascript • Google Chrome 117.0.5938.89
    [32m•[39m Edge (web)        • edge    • web-javascript • Microsoft Edge 114.0.1823.37

[32m[✓][39m Network resources
    [32m•[39m All expected network resources are available.

[33m![39m Doctor found issues in 2 categories.
```
